2025-02-26 21:25:56,662 - pyswarms.single.global_best - INFO - Optimize for 50 iters with {'c1': 2, 'c2': 2, 'w': 0.9}
2025-02-26 21:26:58,379 - pyswarms.single.global_best - INFO - Optimization finished | best cost: 0.0, best pos: [0.9330492  0.21700828 0.28601002 0.33258251 0.85383447 0.59365988
 0.03715765 0.97380727 0.32030521 0.37624117 0.56328722 0.10397208
 0.20811581 0.82095401 0.00641368 0.35825252 0.40206971 0.87728865
 0.85397996 0.81194145 0.69369658 0.21068438 0.45905955 0.63817895
 0.75344834 0.68617711 0.12863749 0.89768333 0.23439094 0.71697754
 0.67537682]
2025-02-26 21:27:40,200 - pyswarms.single.global_best - INFO - Optimize for 50 iters with {'c1': 2, 'c2': 2, 'w': 0.9}
2025-02-26 21:28:44,731 - pyswarms.single.global_best - INFO - Optimization finished | best cost: 0.0, best pos: [0.37749737 0.80606033 0.51665371 0.13441886 0.73207796 0.4070999
 0.472852   0.26932484 0.10861869 0.12550462 0.1843431  0.56304573
 0.01428303 0.87961275 0.67845487 0.03239899 0.86707568 0.33655216
 0.85236627 0.22144076 0.97675396 0.42412161 0.48748123 0.92451388
 0.26383736 0.9526222  0.51143038 0.40271943 0.4411733  0.49457261
 0.06858253]
2025-02-26 21:29:41,878 - pyswarms.single.global_best - INFO - Optimize for 50 iters with {'c1': 2, 'c2': 2, 'w': 0.9}
2025-02-26 21:30:52,474 - pyswarms.single.global_best - INFO - Optimization finished | best cost: 0.00877192982456143, best pos: [0.6684303  0.61343184 0.98444114 0.64378657 0.64657366 0.26419109
 0.5574891  0.01787492 0.47866089 0.38379603 0.31950343 0.05397462
 0.16049709 0.78893857 0.84460987 0.90351785 0.50876848 0.41655534
 0.87701147 0.46871516 0.03583777 0.434527   0.01529688 0.76927148
 0.83772535 0.78534468 0.59308474 0.38670335 0.18890661 0.25762492
 0.72006685]
2025-02-26 21:31:41,177 - pyswarms.single.global_best - INFO - Optimize for 50 iters with {'c1': 2, 'c2': 2, 'w': 0.9}
2025-02-26 21:32:11,783 - pyswarms.single.global_best - INFO - Optimization finished | best cost: 0.00877192982456143, best pos: [0.84947677 0.87900015 0.40291642 0.55315862 0.3558669  0.01929402
 0.81586735 0.24891347 0.44991756 0.85111696 0.69580477 0.23429736
 0.60024791 0.43713839 0.16197679 0.28253743 0.81093798 0.35671495
 0.35656299 0.5500925  0.35686187 0.63760687 0.20297336 0.78384412
 0.83886401 0.54377019 0.66359918 0.31384626 0.47307126 0.69827542
 0.33687105]
2025-02-26 21:32:37,560 - pyswarms.single.global_best - INFO - Optimize for 50 iters with {'c1': 2, 'c2': 2, 'w': 0.9}
2025-02-26 21:33:33,316 - pyswarms.single.global_best - INFO - Optimization finished | best cost: 0.00877192982456143, best pos: [0.79470227 0.94498902 0.68916668 0.75873804 0.3372157  0.47682101
 0.52945347 0.74298452 0.34689411 0.5126243  0.73644492 0.09018366
 0.11749716 0.11593774 0.53874585 0.99263014 0.37392914 0.65679088
 0.61655844 0.82280217 0.71353486 0.78157224 0.42088918 0.68396911
 0.690619   0.85712545 0.32955791 0.73060325 0.13448772 0.0407194
 0.13576624]
